<?xml version="1.0" encoding="UTF-8" ?>
<testsuite 
errors="0" failures="0" hostname="Taners-MacBook-Pro.local" name="net.fnothaft.gnocchi.cli.RegressPhenotypesSuite" tests="7" time="33.587" timestamp="2016-10-18T14:35:04">
  <properties>
[...]
</properties>
  <testcase 
  name="Test LoadPhenotypes: Read in a 2-line phenotype file; call with one of the covariate names same as pheno name" classname="net.fnothaft.gnocchi.cli.RegressPhenotypesSuite" time="6.333">
</testcase>
  <testcase 
  name="Test LoadPhenotypes: Read in a 2-line phenotype file; call with ADDDITIVE_LINEAR but with no phenoName" classname="net.fnothaft.gnocchi.cli.RegressPhenotypesSuite" time="10.584">
</testcase>
  <testcase 
  name="Test LoadPhenotypes: Read in a 2-line phenotype file; call with -covar but not -covarNames" classname="net.fnothaft.gnocchi.cli.RegressPhenotypesSuite" time="3.888">
</testcase>
  <testcase 
  name="Test loadGenotypes: output from vcf input" classname="net.fnothaft.gnocchi.cli.RegressPhenotypesSuite" time="3.538">
</testcase>
  <testcase 
  name="Test full pipeline: 1 snp, 10 samples, 1 phenotype, no covars" classname="net.fnothaft.gnocchi.cli.RegressPhenotypesSuite" time="4.033">
</testcase>
  <testcase 
  name="Test full pipeline: 1 snp, 10 samples, 12 samples in phenotype file (10 matches) 1 phenotype, no covar" classname="net.fnothaft.gnocchi.cli.RegressPhenotypesSuite" time="2.675">
</testcase>
  <testcase 
  name="Test full pipeline: 5 snps, 10 samples, 1 phenotype, 2 random noise covars" classname="net.fnothaft.gnocchi.cli.RegressPhenotypesSuite" time="2.483">
</testcase>
  <system-out><![CDATA[]]></system-out>
  <system-err><![CDATA[]]></system-err>
</testsuite>
